Build started 04.02.2013 22:24:38.
     1>Project "C:\Users\Sergey\Documents\cocos\cocos2dx\MyPong\proj.win32\MyPong.win32.vcxproj" on node 2 (Build target(s)).
     1>ClCompile:
         C:\Program Files (x86)\Microsoft Visual Studio 11.0\VC\bin\CL.exe /c /I. /I..\Classes /IC:\Users\Sergey\Documents\cocos\cocos2dx\cocos2dx /IC:\Users\Sergey\Documents\cocos\cocos2dx\cocos2dx\include /IC:\Users\Sergey\Documents\cocos\cocos2dx\cocos2dx\kazmath\include /IC:\Users\Sergey\Documents\cocos\cocos2dx\cocos2dx\platform\win32 /IC:\Users\Sergey\Documents\cocos\cocos2dx\cocos2dx\platform\third_party\win32 /IC:\Users\Sergey\Documents\cocos\cocos2dx\cocos2dx\platform\third_party\win32\OGLES /ZI /nologo /W3 /WX- /Od /Oy- /D WIN32 /D _WINDOWS /D STRICT /D _CRT_SECURE_NO_WARNINGS /D _SCL_SECURE_NO_WARNINGS_DEBUG /D COCOS2D_DEBUG=1 /D _UNICODE /D UNICODE /Gm /EHsc /RTC1 /MDd /GS /fp:precise /Zc:wchar_t /Zc:forScope /Fo"Debug.win32\\" /Fd"Debug.win32\vc110.pdb" /Gd /TP /wd4267 /wd4251 /wd4244 /analyze- /errorReport:prompt ..\Classes\GameScene.cpp
         GameScene.cpp
     1>c:\users\sergey\documents\cocos\cocos2dx\mypong\classes\gamescene.h(35): error C4430: missing type specifier - int assumed. Note: C++ does not support default-int
     1>c:\users\sergey\documents\cocos\cocos2dx\mypong\classes\gamescene.h(35): warning C4183: 'LAYER_NODE_FUNC': missing return type; assumed to be a member function returning 'int'
     1>c:\users\sergey\documents\cocos\cocos2dx\mypong\classes\gamescene.cpp(36): error C2440: 'initializing' : cannot convert from 'cocos2d::CCLayer *' to 'GameScene *'
                 Cast from base to derived requires dynamic_cast or static_cast
     1>c:\users\sergey\documents\cocos\cocos2dx\mypong\classes\gamescene.cpp(47): error C2039: 'setIsTouchEnabled' : is not a member of 'GameScene'
                 c:\users\sergey\documents\cocos\cocos2dx\mypong\classes\gamescene.h(14) : see declaration of 'GameScene'
     1>c:\users\sergey\documents\cocos\cocos2dx\mypong\classes\gamescene.cpp(100): error C2039: 'ccTime' : is not a member of 'cocos2d'
     1>c:\users\sergey\documents\cocos\cocos2dx\mypong\classes\gamescene.cpp(100): error C2065: 'ccTime' : undeclared identifier
     1>c:\users\sergey\documents\cocos\cocos2dx\mypong\classes\gamescene.cpp(100): error C2146: syntax error : missing ')' before identifier 'dt'
     1>c:\users\sergey\documents\cocos\cocos2dx\mypong\classes\gamescene.cpp(100): error C2761: 'void GameScene::update(cocos2d::CCTime)' : member function redeclaration not allowed
     1>c:\users\sergey\documents\cocos\cocos2dx\mypong\classes\gamescene.cpp(100): error C2059: syntax error : ')'
     1>c:\users\sergey\documents\cocos\cocos2dx\mypong\classes\gamescene.cpp(101): error C2143: syntax error : missing ';' before '{'
     1>c:\users\sergey\documents\cocos\cocos2dx\mypong\classes\gamescene.cpp(101): error C2447: '{' : missing function header (old-style formal list?)
     1>c:\users\sergey\documents\cocos\cocos2dx\mypong\classes\gamescene.cpp(213): error C2039: 'view' : is not a member of 'cocos2d::CCTouch'
                 c:\users\sergey\documents\cocos\cocos2dx\cocos2dx\touch_dispatcher\cctouch.h(38) : see declaration of 'cocos2d::CCTouch'
     1>c:\users\sergey\documents\cocos\cocos2dx\mypong\classes\gamescene.cpp(213): error C2660: 'cocos2d::CCTouch::locationInView' : function does not take 1 arguments
     1>c:\users\sergey\documents\cocos\cocos2dx\mypong\classes\gamescene.cpp(280): error C2039: 'view' : is not a member of 'cocos2d::CCTouch'
                 c:\users\sergey\documents\cocos\cocos2dx\cocos2dx\touch_dispatcher\cctouch.h(38) : see declaration of 'cocos2d::CCTouch'
     1>c:\users\sergey\documents\cocos\cocos2dx\mypong\classes\gamescene.cpp(280): error C2660: 'cocos2d::CCTouch::locationInView' : function does not take 1 arguments
     1>Done Building Project "C:\Users\Sergey\Documents\cocos\cocos2dx\MyPong\proj.win32\MyPong.win32.vcxproj" (Build target(s)) -- FAILED.

Build FAILED.

Time Elapsed 00:00:01.84
