Build started 05.02.2013 20:20:28.
     1>Project "C:\Users\Sergey\Documents\cocos\cocos2dx\Pong\proj.win32\Pong.win32.vcxproj" on node 2 (Build target(s)).
     1>ClCompile:
         C:\Program Files (x86)\Microsoft Visual Studio 11.0\VC\bin\CL.exe /c /I. /I..\Classes /IC:\Users\Sergey\Documents\cocos\cocos2dx\cocos2dx /IC:\Users\Sergey\Documents\cocos\cocos2dx\cocos2dx\include /IC:\Users\Sergey\Documents\cocos\cocos2dx\cocos2dx\kazmath\include /IC:\Users\Sergey\Documents\cocos\cocos2dx\cocos2dx\platform\win32 /IC:\Users\Sergey\Documents\cocos\cocos2dx\cocos2dx\platform\third_party\win32 /IC:\Users\Sergey\Documents\cocos\cocos2dx\cocos2dx\platform\third_party\win32\OGLES /ZI /nologo /W3 /WX- /Od /Oy- /D WIN32 /D _WINDOWS /D STRICT /D _CRT_SECURE_NO_WARNINGS /D _SCL_SECURE_NO_WARNINGS_DEBUG /D COCOS2D_DEBUG=1 /D _UNICODE /D UNICODE /Gm /EHsc /RTC1 /MDd /GS /fp:precise /Zc:wchar_t /Zc:forScope /Fo"Debug.win32\\" /Fd"Debug.win32\vc110.pdb" /Gd /TP /wd4267 /wd4251 /wd4244 /analyze- /errorReport:prompt Block.cpp PongScene.cpp
         PongScene.cpp
         Block.cpp
         Generating Code...
     1>cl : Command line warning D9028: minimal rebuild failure, reverting to normal build
       Link:
         C:\Program Files (x86)\Microsoft Visual Studio 11.0\VC\bin\link.exe /ERRORREPORT:PROMPT /OUT:"C:\Users\Sergey\Documents\cocos\cocos2dx\Debug.win32\Pong.win32.exe" /INCREMENTAL /NOLOGO /LIBPATH:C:\Users\Sergey\Documents\cocos\cocos2dx\Debug.win32\ libcocos2d.lib libExtensions.lib opengl32.lib glew32.lib kernel32.lib user32.lib gdi32.lib winspool.lib comdlg32.lib advapi32.lib shell32.lib ole32.lib oleaut32.lib uuid.lib odbc32.lib odbccp32.lib /MANIFEST /MANIFESTUAC:"level='asInvoker' uiAccess='false'" /manifest:embed /DEBUG /PDB:"C:\Users\Sergey\Documents\cocos\cocos2dx\Debug.win32\Pong.win32.pdb" /SUBSYSTEM:WINDOWS /TLBID:1 /DYNAMICBASE /NXCOMPAT /IMPLIB:"C:\Users\Sergey\Documents\cocos\cocos2dx\Debug.win32\Pong.win32.lib" /MACHINE:X86 Debug.win32\Pong.res
         Debug.win32\AppDelegate.obj
         Debug.win32\HelloWorldScene.obj
         Debug.win32\Ball.obj
         Debug.win32\Block.obj
         Debug.win32\main.obj
         Debug.win32\Paddle.obj
         Debug.win32\PongScene.obj
         Debug.win32\VisibleRect.obj
         Pong.win32.vcxproj -> C:\Users\Sergey\Documents\cocos\cocos2dx\Debug.win32\Pong.win32.exe
     1>Done Building Project "C:\Users\Sergey\Documents\cocos\cocos2dx\Pong\proj.win32\Pong.win32.vcxproj" (Build target(s)).

Build succeeded.

Time Elapsed 00:00:04.15
